<?xml version="1.0" encoding="UTF-8"?>
<!-- Generated by org.testng.reporters.JUnitReportReporter -->
<testsuite hostname="IL-MF10-NA102OH" failures="0" tests="2" name="selenium_practice.FacebookSignup" time="33.512" errors="0" timestamp="2019-10-22T17:16:54 IST" skipped="0">
  <testcase classname="selenium_practice.FacebookSignup" name="forgetPassword" time="28.134"/>
  <testcase classname="selenium_practice.FacebookSignup" name="signUp" time="5.378"/>
</testsuite> <!-- selenium_practice.FacebookSignup -->
